  TrackManager.cpp
d:\programmingfolder\rhythmgameprojectver4.2\rhythmgameproject\trackmanager.cpp(69): warning C4018: '<': signed 또는 unsigned가 일치하지 않습니다.
d:\programmingfolder\rhythmgameprojectver4.2\rhythmgameproject\trackmanager.cpp(77): warning C4018: '<': signed 또는 unsigned가 일치하지 않습니다.
d:\programmingfolder\rhythmgameprojectver4.2\rhythmgameproject\trackmanager.cpp(93): warning C4018: '<': signed 또는 unsigned가 일치하지 않습니다.
d:\programmingfolder\rhythmgameprojectver4.2\rhythmgameproject\trackmanager.cpp(142): warning C4018: '<': signed 또는 unsigned가 일치하지 않습니다.
d:\programmingfolder\rhythmgameprojectver4.2\rhythmgameproject\trackmanager.cpp(150): warning C4018: '<': signed 또는 unsigned가 일치하지 않습니다.
d:\programmingfolder\rhythmgameprojectver4.2\rhythmgameproject\trackmanager.cpp(176): warning C4018: '<': signed 또는 unsigned가 일치하지 않습니다.
d:\programmingfolder\rhythmgameprojectver4.2\rhythmgameproject\trackmanager.cpp(332): warning C4244: '초기화 중': 'float'에서 'int'(으)로 변환하면서 데이터가 손실될 수 있습니다.
d:\programmingfolder\rhythmgameprojectver4.2\rhythmgameproject\trackmanager.cpp(399): warning C4244: '초기화 중': 'float'에서 'int'(으)로 변환하면서 데이터가 손실될 수 있습니다.
d:\programmingfolder\rhythmgameprojectver4.2\rhythmgameproject\trackmanager.cpp(425): warning C4018: '<': signed 또는 unsigned가 일치하지 않습니다.
d:\programmingfolder\rhythmgameprojectver4.2\rhythmgameproject\trackmanager.cpp(445): warning C4244: '초기화 중': 'float'에서 'int'(으)로 변환하면서 데이터가 손실될 수 있습니다.
d:\programmingfolder\rhythmgameprojectver4.2\rhythmgameproject\trackmanager.cpp(446): warning C4244: '초기화 중': 'float'에서 'int'(으)로 변환하면서 데이터가 손실될 수 있습니다.
d:\programmingfolder\rhythmgameprojectver4.2\rhythmgameproject\trackmanager.cpp(455): warning C4244: '초기화 중': 'float'에서 'int'(으)로 변환하면서 데이터가 손실될 수 있습니다.
  코드를 생성하고 있습니다...
  건너뛰고 있습니다... (관련된 변경 내용 없음)
  TitleScene.cpp
  Texture.cpp
  Sprite.cpp
  Scene.cpp
  MusicInfoBox.cpp
  LogoScene.cpp
  InputSystem.cpp
  GameObject.cpp
  Font.cpp
  GameScene.cpp
  RhythmGameProject.vcxproj -> D:\ProgrammingFolder\RhythmGameProjectVer4.2\Debug\RhythmGameProjectVer4.2.exe
