d:\programmingfolder\rhythmgameprojectver4.2\rhythmgameproject\debug\vc141.pdb
d:\programmingfolder\rhythmgameprojectver4.2\rhythmgameproject\debug\vc141.idb
d:\programmingfolder\rhythmgameprojectver4.2\rhythmgameproject\debug\gameobject.obj
d:\programmingfolder\rhythmgameprojectver4.2\rhythmgameproject\debug\gamescene.obj
d:\programmingfolder\rhythmgameprojectver4.2\rhythmgameproject\debug\gamesystem.obj
d:\programmingfolder\rhythmgameprojectver4.2\rhythmgameproject\debug\inputsystem.obj
d:\programmingfolder\rhythmgameprojectver4.2\rhythmgameproject\debug\loadingscene.obj
d:\programmingfolder\rhythmgameprojectver4.2\rhythmgameproject\debug\logoscene.obj
d:\programmingfolder\rhythmgameprojectver4.2\rhythmgameproject\debug\main.obj
d:\programmingfolder\rhythmgameprojectver4.2\rhythmgameproject\debug\musicinfobox.obj
d:\programmingfolder\rhythmgameprojectver4.2\rhythmgameproject\debug\note.obj
d:\programmingfolder\rhythmgameprojectver4.2\rhythmgameproject\debug\resourcemanager.obj
d:\programmingfolder\rhythmgameprojectver4.2\rhythmgameproject\debug\resultscene.obj
d:\programmingfolder\rhythmgameprojectver4.2\rhythmgameproject\debug\scene.obj
d:\programmingfolder\rhythmgameprojectver4.2\rhythmgameproject\debug\scenemanager.obj
d:\programmingfolder\rhythmgameprojectver4.2\rhythmgameproject\debug\selectscene.obj
d:\programmingfolder\rhythmgameprojectver4.2\rhythmgameproject\debug\sprite.obj
d:\programmingfolder\rhythmgameprojectver4.2\rhythmgameproject\debug\texture.obj
d:\programmingfolder\rhythmgameprojectver4.2\rhythmgameproject\debug\titlescene.obj
d:\programmingfolder\rhythmgameprojectver4.2\rhythmgameproject\debug\track.obj
d:\programmingfolder\rhythmgameprojectver4.2\rhythmgameproject\debug\trackmanager.obj
d:\programmingfolder\rhythmgameprojectver4.2\rhythmgameproject\debug\wav.obj
d:\programmingfolder\rhythmgameprojectver4.2\rhythmgameproject\debug\datamanager.obj
d:\programmingfolder\rhythmgameprojectver4.2\rhythmgameproject\debug\effectplayer.obj
d:\programmingfolder\rhythmgameprojectver4.2\rhythmgameproject\debug\font.obj
d:\programmingfolder\rhythmgameprojectver4.2\debug\rhythmgameprojectver4.2.ilk
d:\programmingfolder\rhythmgameprojectver4.2\debug\rhythmgameprojectver4.2.exe
d:\programmingfolder\rhythmgameprojectver4.2\debug\rhythmgameprojectver4.2.pdb
d:\programmingfolder\rhythmgameprojectver4.2\rhythmgameproject\debug\rhythmga.b160087a.tlog\cl.command.1.tlog
d:\programmingfolder\rhythmgameprojectver4.2\rhythmgameproject\debug\rhythmga.b160087a.tlog\cl.read.1.tlog
d:\programmingfolder\rhythmgameprojectver4.2\rhythmgameproject\debug\rhythmga.b160087a.tlog\cl.write.1.tlog
d:\programmingfolder\rhythmgameprojectver4.2\rhythmgameproject\debug\rhythmga.b160087a.tlog\link.command.1.tlog
d:\programmingfolder\rhythmgameprojectver4.2\rhythmgameproject\debug\rhythmga.b160087a.tlog\link.read.1.tlog
d:\programmingfolder\rhythmgameprojectver4.2\rhythmgameproject\debug\rhythmga.b160087a.tlog\link.write.1.tlog
